<?xml version="1.0" encoding="UTF-8"?>
<coverage generated="1748905470474" clover="3.2.0">
  <project timestamp="1748905470475" name="All files">
    <metrics statements="2" coveredstatements="2" conditionals="1" coveredconditionals="1" methods="1" coveredmethods="1" elements="4" coveredelements="4" complexity="0" loc="2" ncloc="2" packages="1" files="1" classes="1"/>
    <file name="copyright.ts" path="/Users/polinakhramova/Documents/GitHub/bebebebe22/site-policies/src/components/Footer/copyright.ts">
      <metrics statements="2" coveredstatements="2" conditionals="1" coveredconditionals="1" methods="1" coveredmethods="1"/>
      <line num="1" count="1" type="cond" truecount="1" falsecount="0"/>
      <line num="2" count="3" type="stmt"/>
    </file>
  </project>
</coverage>
