{"/Users/polinakhramova/Documents/GitHub/bebebebe22/site-policies/src/components/Footer/copyright.ts": {"path":"/Users/polinakhramova/Documents/GitHub/bebebebe22/site-policies/src/components/Footer/copyright.ts","statementMap":{"0":{"start":{"line":1,"column":28},"end":{"line":3,"column":1}},"1":{"start":{"line":2,"column":2},"end":{"line":2,"column":null}},"2":{"start":{"line":1,"column":13},"end":{"line":1,"column":28}}},"fnMap":{"0":{"name":"(anonymous_0)","decl":{"start":{"line":1,"column":28},"end":{"line":1,"column":29}},"loc":{"start":{"line":1,"column":80},"end":{"line":3,"column":1}}}},"branchMap":{"0":{"loc":{"start":{"line":1,"column":29},"end":{"line":1,"column":68}},"type":"default-arg","locations":[{"start":{"line":1,"column":44},"end":{"line":1,"column":68}}]}},"s":{"0":1,"1":3,"2":1},"f":{"0":3},"b":{"0":[1]}}
}
